#
# A fatal error has been detected by the Java Runtime Environment:
#
#  EXCEPTION_ACCESS_VIOLATION (0xc0000005) at pc=0x000000006ce7a0a5, pid=11144, tid=0x0000000000002f18
#
# JRE version: Java(TM) SE Runtime Environment (8.0_101-b13) (build 1.8.0_101-b13)
# Java VM: Java HotSpot(TM) 64-Bit Server VM (25.101-b13 mixed mode windows-amd64 compressed oops)
# Problematic frame:
# V  [jvm.dll+0x12a0a5]
#
# Failed to write core dump. Minidumps are not enabled by default on client versions of Windows
#
# If you would like to submit a bug report, please visit:
#   http://bugreport.java.com/bugreport/crash.jsp
#

---------------  T H R E A D  ---------------

Current thread (0x000000001c533800):  JavaThread "JDWP Transport Listener: dt_socket" daemon [_thread_in_vm, id=12056, stack(0x000000001db60000,0x000000001dc60000)]

siginfo: ExceptionCode=0xc0000005, reading address 0x0000000000000008

Registers:
RAX=0x000000001dc5f901, RBX=0x000000001c533800, RCX=0x0000000000000008, RDX=0x0000000000000000
RSP=0x000000001dc5f970, RBP=0x0000000000000008, RSI=0x000000001dc5fa88, RDI=0x0000000002e09ff0
R8 =0x000000001c533800, R9 =0x0000000000000000, R10=0x0000000000000000, R11=0x0000000000000064
R12=0x0000000000000000, R13=0x000000001c534418, R14=0x0000000000000000, R15=0x0000000000000000
RIP=0x000000006ce7a0a5, EFLAGS=0x0000000000010202

Top of Stack: (sp=0x000000001dc5f970)
0x000000001dc5f970:   000000001c533800 000000001c533800
0x000000001dc5f980:   000000001dc5fa38 000000006d082f0b
0x000000001dc5f990:   000000001c533800 000000006d09f76d
0x000000001dc5f9a0:   0000000000000000 000000006c919155
0x000000001dc5f9b0:   000000001e0c9e98 000000006c92291e
0x000000001dc5f9c0:   000000001c533800 0000000000000000
0x000000001dc5f9d0:   0000000000000000 0000000000000000
0x000000001dc5f9e0:   0000000000000008 000000006c921a15
0x000000001dc5f9f0:   000000001dc5fa88 000000001dc5fa60
0x000000001dc5fa00:   0000000000000001 000000001e0c9e98
0x000000001dc5fa10:   0000000000000008 000000006c9053b3
0x000000001dc5fa20:   000000001dc5fb50 0000000000000001
0x000000001dc5fa30:   0000000000000001 000000001e0c9e98
0x000000001dc5fa40:   0000000000000009 0000000000000000
0x000000001dc5fa50:   0000000000000000 0000000000000000
0x000000001dc5fa60:   0000000000000001 000000006c905571 

Instructions: (pc=0x000000006ce7a0a5)
0x000000006ce7a085:   cc cc cc cc cc cc cc cc cc cc cc 48 83 ec 28 48
0x000000006ce7a095:   85 c9 75 07 33 c0 48 83 c4 28 c3 48 89 5c 24 20
0x000000006ce7a0a5:   48 8b 19 48 85 db 74 20 48 83 fb 37 74 1a 48 8b
0x000000006ce7a0b5:   13 48 8b cb ff 52 10 84 c0 74 0d 48 8b c3 48 8b 


Register to memory mapping:

RAX=0x000000001dc5f901 is pointing into the stack for thread: 0x000000001c533800
RBX=0x000000001c533800 is a thread
RCX=0x0000000000000008 is an unknown value
RDX=0x0000000000000000 is an unknown value
RSP=0x000000001dc5f970 is pointing into the stack for thread: 0x000000001c533800
RBP=0x0000000000000008 is an unknown value
RSI=0x000000001dc5fa88 is pointing into the stack for thread: 0x000000001c533800
RDI=0x0000000002e09ff0 is an unknown value
R8 =0x000000001c533800 is a thread
R9 =0x0000000000000000 is an unknown value
R10=0x0000000000000000 is an unknown value
R11=0x0000000000000064 is an unknown value
R12=0x0000000000000000 is an unknown value
R13=0x000000001c534418 is an unknown value
R14=0x0000000000000000 is an unknown value
R15=0x0000000000000000 is an unknown value


Stack: [0x000000001db60000,0x000000001dc60000],  sp=0x000000001dc5f970,  free space=1022k
Native frames: (J=compiled Java code, j=interpreted, Vv=VM code, C=native code)
V  [jvm.dll+0x12a0a5]
V  [jvm.dll+0x34f76d]
C  [jdwp.dll+0x21a15]
C  [jdwp.dll+0x53b3]
C  [jdwp.dll+0x5571]
C  [jdwp.dll+0xf0a8]
C  [jdwp.dll+0x1f2d5]
C  [jdwp.dll+0x1f4aa]
V  [jvm.dll+0x1bd258]
V  [jvm.dll+0x2451a4]
V  [jvm.dll+0x29c18a]
C  [msvcr100.dll+0x21d9f]
C  [msvcr100.dll+0x21e3b]
C  [KERNEL32.DLL+0x18102]
C  [ntdll.dll+0x5c5b4]


---------------  P R O C E S S  ---------------

Java Threads: ( => current thread )
  0x000000001e0c3800 JavaThread "Service Thread" daemon [_thread_blocked, id=3628, stack(0x000000001e560000,0x000000001e660000)]
  0x000000001c55b800 JavaThread "C1 CompilerThread2" daemon [_thread_blocked, id=4280, stack(0x000000001e460000,0x000000001e560000)]
  0x000000001c55a800 JavaThread "C2 CompilerThread1" daemon [_thread_blocked, id=10636, stack(0x000000001df60000,0x000000001e060000)]
  0x000000001c561800 JavaThread "C2 CompilerThread0" daemon [_thread_blocked, id=8616, stack(0x000000001de60000,0x000000001df60000)]
  0x000000001c548000 JavaThread "JDWP Command Reader" daemon [_thread_in_native, id=9028, stack(0x000000001dd60000,0x000000001de60000)]
  0x000000001c541800 JavaThread "JDWP Event Helper Thread" daemon [_thread_blocked, id=5056, stack(0x000000001dc60000,0x000000001dd60000)]
=>0x000000001c533800 JavaThread "JDWP Transport Listener: dt_socket" daemon [_thread_in_vm, id=12056, stack(0x000000001db60000,0x000000001dc60000)]
  0x000000001c52f800 JavaThread "Attach Listener" daemon [_thread_blocked, id=11792, stack(0x000000001da60000,0x000000001db60000)]
  0x0000000002f0e800 JavaThread "Signal Dispatcher" daemon [_thread_blocked, id=11204, stack(0x000000001d960000,0x000000001da60000)]
  0x000000001c51a800 JavaThread "Finalizer" daemon [_thread_blocked, id=8276, stack(0x000000001d780000,0x000000001d880000)]
  0x0000000002f00800 JavaThread "Reference Handler" daemon [_thread_blocked, id=11172, stack(0x000000001d680000,0x000000001d780000)]
  0x0000000002e12800 JavaThread "main" [_thread_blocked, id=8420, stack(0x0000000002ae0000,0x0000000002be0000)]

Other Threads:
  0x000000001c4f7800 VMThread [stack: 0x000000001d580000,0x000000001d680000] [id=7440]
  0x000000001e0d1000 WatcherThread [stack: 0x000000001e660000,0x000000001e760000] [id=10752]

VM state:not at safepoint (normal execution)

VM Mutex/Monitor currently owned by a thread: None

Heap:
 PSYoungGen      total 76288K, used 5243K [0x000000076b100000, 0x0000000770600000, 0x00000007c0000000)
  eden space 65536K, 8% used [0x000000076b100000,0x000000076b61ec18,0x000000076f100000)
  from space 10752K, 0% used [0x000000076fb80000,0x000000076fb80000,0x0000000770600000)
  to   space 10752K, 0% used [0x000000076f100000,0x000000076f100000,0x000000076fb80000)
 ParOldGen       total 175104K, used 0K [0x00000006c1200000, 0x00000006cbd00000, 0x000000076b100000)
  object space 175104K, 0% used [0x00000006c1200000,0x00000006c1200000,0x00000006cbd00000)
 Metaspace       used 3829K, capacity 4754K, committed 4864K, reserved 1056768K
  class space    used 449K, capacity 501K, committed 512K, reserved 1048576K

Card table byte_map: [0x00000000122d0000,0x0000000012ad0000] byte_map_base: 0x000000000ecc7000

Marking Bits: (ParMarkBitMap*) 0x000000006d56a6d0
 Begin Bits: [0x0000000013420000, 0x00000000173d8000)
 End Bits:   [0x00000000173d8000, 0x000000001b390000)

Polling page: 0x0000000002be0000

CodeCache: size=245760Kb used=1181Kb max_used=1181Kb free=244578Kb
 bounds [0x0000000002f10000, 0x0000000003180000, 0x0000000011f10000]
 total_blobs=351 nmethods=99 adapters=173
 compilation: enabled

Compilation events (10 events):
Event: 0.281 Thread 0x000000001c55b800   50       1       java.util.ArrayList::size (5 bytes)
Event: 0.281 Thread 0x000000001c55b800 nmethod 50 0x000000000302e2d0 code [0x000000000302e420, 0x000000000302e530]
Event: 0.281 Thread 0x000000001c55b800   51       3       java.lang.String::startsWith (7 bytes)
Event: 0.281 Thread 0x000000001c55b800 nmethod 51 0x000000000302e590 code [0x000000000302e700, 0x000000000302e928]
Event: 0.281 Thread 0x000000001c55b800   52       1       java.net.URL::getFile (5 bytes)
Event: 0.281 Thread 0x000000001c55b800 nmethod 52 0x000000000302e9d0 code [0x000000000302eb20, 0x000000000302ec30]
Event: 0.281 Thread 0x000000001c55b800   53       3       java.lang.String::indexOf (166 bytes)
Event: 0.282 Thread 0x000000001c55b800 nmethod 53 0x000000000302ec90 code [0x000000000302ee40, 0x000000000302f490]
Event: 0.282 Thread 0x000000001c55b800   54       3       java.lang.String::lastIndexOf (52 bytes)
Event: 0.282 Thread 0x000000001c55b800 nmethod 54 0x000000000302f890 code [0x000000000302fa20, 0x000000000302fdc8]

GC Heap History (0 events):
No events

Deoptimization events (0 events):
No events

Internal exceptions (4 events):
Event: 0.031 Thread 0x0000000002e12800 Exception <a 'java/lang/NoSuchMethodError': Method sun.misc.Unsafe.defineClass(Ljava/lang/String;[BII)Ljava/lang/Class; name or signature does not match> (0x000000076b107cc0) thrown at [C:\re\workspace\8-2-build-windows-amd64-cygwin\jdk8u101\7261\hotspot\sù&Ù•g†?
Event: 0.031 Thread 0x0000000002e12800 Exception <a 'java/lang/NoSuchMethodError': Method sun.misc.Unsafe.prefetchRead(Ljava/lang/Object;J)V name or signature does not match> (0x000000076b107fa8) thrown at [C:\re\workspace\8-2-build-windows-amd64-cygwin\jdk8u101\7261\hotspot\src\share\vm\prims\:∑?^i@
Event: 4.603 Thread 0x0000000002e12800 Exception <a 'java/lang/NoSuchFieldError': method resolution failed> (0x000000076b4ffa18) thrown at [C:\re\workspace\8-2-build-windows-amd64-cygwin\jdk8u101\7261\hotspot\src\share\vm\prims\methodHandles.cpp, line 1146]
Event: 4.646 Thread 0x0000000002e12800 Exception <a 'java/lang/NoSuchFieldError': method resolution failed> (0x000000076b50ce18) thrown at [C:\re\workspace\8-2-build-windows-amd64-cygwin\jdk8u101\7261\hotspot\src\share\vm\prims\methodHandles.cpp, line 1146]

Events (10 events):
Event: 4.926 Executing VM operation: GetOrSetLocal
Event: 4.926 Executing VM operation: GetOrSetLocal done
Event: 617.888 Executing VM operation: ChangeBreakpoints
Event: 617.888 Executing VM operation: ChangeBreakpoints done
Event: 747.920 Executing VM operation: ChangeBreakpoints
Event: 747.920 Executing VM operation: ChangeBreakpoints done
Event: 784.391 Executing VM operation: ChangeBreakpoints
Event: 784.391 Executing VM operation: ChangeBreakpoints done
Event: 791.528 Executing VM operation: RedefineClasses
Event: 791.528 Executing VM operation: RedefineClasses done


Dynamic libraries:
0x00007ff6977b0000 - 0x00007ff6977e7000 	C:\Program Files\Java\jdk1.8.0_101\bin\java.exe
0x00007ffad4e00000 - 0x00007ffad4fc1000 	C:\WINDOWS\SYSTEM32\ntdll.dll
0x00007ffad29e0000 - 0x00007ffad2a8d000 	C:\WINDOWS\system32\KERNEL32.DLL
0x00007ffad1be0000 - 0x00007ffad1dc8000 	C:\WINDOWS\system32\KERNELBASE.dll
0x00007ffad2890000 - 0x00007ffad2937000 	C:\WINDOWS\system32\ADVAPI32.DLL
0x00007ffad2940000 - 0x00007ffad29dd000 	C:\WINDOWS\system32\msvcrt.dll
0x00007ffad2810000 - 0x00007ffad286b000 	C:\WINDOWS\system32\sechost.dll
0x00007ffad4540000 - 0x00007ffad465c000 	C:\WINDOWS\system32\RPCRT4.dll
0x00007ffad49c0000 - 0x00007ffad4b16000 	C:\WINDOWS\system32\USER32.dll
0x00007ffad4670000 - 0x00007ffad47f6000 	C:\WINDOWS\system32\GDI32.dll
0x00007ffac6cf0000 - 0x00007ffac6f64000 	C:\WINDOWS\WinSxS\amd64_microsoft.windows.common-controls_6595b64144ccf1df_6.0.10586.494_none_a2d8b04ea53e3145\COMCTL32.dll
0x00007ffad4b80000 - 0x00007ffad4dfd000 	C:\WINDOWS\system32\combase.dll
0x00007ffad1b70000 - 0x00007ffad1bda000 	C:\WINDOWS\system32\bcryptPrimitives.dll
0x00007ffad2d20000 - 0x00007ffad2d5b000 	C:\WINDOWS\system32\IMM32.DLL
0x000000006c940000 - 0x000000006ca12000 	C:\Program Files\Java\jdk1.8.0_101\jre\bin\msvcr100.dll
0x000000006cd50000 - 0x000000006d5ea000 	C:\Program Files\Java\jdk1.8.0_101\jre\bin\server\jvm.dll
0x00007ffad4660000 - 0x00007ffad4668000 	C:\WINDOWS\system32\PSAPI.DLL
0x00007ffac5380000 - 0x00007ffac5389000 	C:\WINDOWS\SYSTEM32\WSOCK32.dll
0x00007ffad2b00000 - 0x00007ffad2b6b000 	C:\WINDOWS\system32\WS2_32.dll
0x00007ffacfbd0000 - 0x00007ffacfbf3000 	C:\WINDOWS\SYSTEM32\WINMM.dll
0x00007ffac5350000 - 0x00007ffac535a000 	C:\WINDOWS\SYSTEM32\VERSION.dll
0x00007ffacfba0000 - 0x00007ffacfbcc000 	C:\WINDOWS\SYSTEM32\WINMMBASE.dll
0x00007ffad1b20000 - 0x00007ffad1b63000 	C:\WINDOWS\system32\cfgmgr32.dll
0x000000006f420000 - 0x000000006f42f000 	C:\Program Files\Java\jdk1.8.0_101\jre\bin\verify.dll
0x000000006e6b0000 - 0x000000006e6d9000 	C:\Program Files\Java\jdk1.8.0_101\jre\bin\java.dll
0x000000006c900000 - 0x000000006c935000 	C:\Program Files\Java\jdk1.8.0_101\jre\bin\jdwp.dll
0x000000006c820000 - 0x000000006c828000 	C:\Program Files\Java\jdk1.8.0_101\jre\bin\npt.dll
0x000000006e690000 - 0x000000006e6a6000 	C:\Program Files\Java\jdk1.8.0_101\jre\bin\zip.dll
0x00007ffad2d60000 - 0x00007ffad42bc000 	C:\WINDOWS\system32\SHELL32.dll
0x00007ffad14b0000 - 0x00007ffad1af5000 	C:\WINDOWS\system32\windows.storage.dll
0x00007ffad4b20000 - 0x00007ffad4b72000 	C:\WINDOWS\system32\shlwapi.dll
0x00007ffad14a0000 - 0x00007ffad14af000 	C:\WINDOWS\system32\kernel.appcore.dll
0x00007ffad2140000 - 0x00007ffad21f5000 	C:\WINDOWS\system32\shcore.dll
0x00007ffad1440000 - 0x00007ffad148b000 	C:\WINDOWS\system32\powrprof.dll
0x00007ffad1420000 - 0x00007ffad1434000 	C:\WINDOWS\system32\profapi.dll
0x000000006c810000 - 0x000000006c819000 	C:\Program Files\Java\jdk1.8.0_101\jre\bin\dt_socket.dll
0x00007ffad0cf0000 - 0x00007ffad0d4c000 	C:\WINDOWS\system32\mswsock.dll
0x00007ffac5a40000 - 0x00007ffac5bcc000 	C:\WINDOWS\SYSTEM32\dbghelp.dll

VM Arguments:
jvm_args: -agentlib:jdwp=transport=dt_socket,address=127.0.0.1:54483,suspend=y,server=n -Dfile.encoding=UTF-8 
java_command: Main
java_class_path (initial): C:\Program Files\Java\jdk1.8.0_101\jre\lib\charsets.jar;C:\Program Files\Java\jdk1.8.0_101\jre\lib\deploy.jar;C:\Program Files\Java\jdk1.8.0_101\jre\lib\ext\access-bridge-64.jar;C:\Program Files\Java\jdk1.8.0_101\jre\lib\ext\cldrdata.jar;C:\Program Files\Java\jdk1.8.0_101\jre\lib\ext\dnsns.jar;C:\Program Files\Java\jdk1.8.0_101\jre\lib\ext\jaccess.jar;C:\Program Files\Java\jdk1.8.0_101\jre\lib\ext\jfxrt.jar;C:\Program Files\Java\jdk1.8.0_101\jre\lib\ext\localedata.jar;C:\Program Files\Java\jdk1.8.0_101\jre\lib\ext\nashorn.jar;C:\Program Files\Java\jdk1.8.0_101\jre\lib\ext\sunec.jar;C:\Program Files\Java\jdk1.8.0_101\jre\lib\ext\sunjce_provider.jar;C:\Program Files\Java\jdk1.8.0_101\jre\lib\ext\sunmscapi.jar;C:\Program Files\Java\jdk1.8.0_101\jre\lib\ext\sunpkcs11.jar;C:\Program Files\Java\jdk1.8.0_101\jre\lib\ext\zipfs.jar;C:\Program Files\Java\jdk1.8.0_101\jre\lib\javaws.jar;C:\Program Files\Java\jdk1.8.0_101\jre\lib\jce.jar;C:\Program Files\Java\jdk1.8.0_101\jre\lib\jfr.jar;C:\Program Files\Java\jdk1.8.0_101\jre\lib\jfxswt.jar;C:\Program Files\Java\jdk1.8.0_101\jre\lib\jsse.jar;C:\Program Files\Java\jdk1.8.0_101\jre\lib\management-agent.jar;C:\Program Files\Java\jdk1.8.0_101\jre\lib\plugin.jar;C:\Program Files\Java\jdk1.8.0_101\jre\lib\resources.jar;C:\Program Files\Java\jdk1.8.0_101\jre\lib\rt.jar;C:\temp\IdeaProjects\JAVA\Task6_equals_hashCode\target\classes;C:\Users\Denys_Shmyhin\.m2\repository\org\hamcrest\hamcrest-all\1.3\hamcrest-all-1.3.jar;C:\Users\Denys_Shmyhin\.m2\repository\mysql\mysql-connector-java\6.0.3\mysql-connector-java-6.0.3.jar;C:\Program Files (x86)\JetBrains\IntelliJ IDEA Community Edition 2016.2.2\lib\idea_rt.jar
Launcher Type: SUN_STANDARD

Environment Variables:
JAVA_HOME=c:\Program Files\Java\jdk1.8.0_101
PATH=C:\ProgramData\Oracle\Java\javapath;C:\WINDOWS\system32;C:\WINDOWS;C:\WINDOWS\System32\Wbem;C:\WINDOWS\System32\WindowsPowerShell\v1.0\;C:\Program Files\TortoiseSVN\bin;C:\Program Files (x86)\Skype\Phone\;c:\Program Files\Java\jdk1.8.0_101\bin;C:\Program Files\MySQL\MySQL Utilities 1.6\;C:\WINDOWS\system32\config\systemprofile\.dnx\bin;C:\Program Files\Microsoft DNX\Dnvm\;C:\Program Files\Microsoft SQL Server\130\Tools\Binn\;C:\Program Files\Git\cmd
USERNAME=Denys_Shmyhin
OS=Windows_NT
PROCESSOR_IDENTIFIER=Intel64 Family 6 Model 60 Stepping 3, GenuineIntel



---------------  S Y S T E M  ---------------

OS: Windows 10.0 , 64 bit Build 10586 (10.0.10586.0)

CPU:total 4 (4 cores per cpu, 1 threads per core) family 6 model 60 stepping 3, cmov, cx8, fxsr, mmx, sse, sse2, sse3, ssse3, sse4.1, sse4.2, popcnt, avx, avx2, aes, clmul, erms, lzcnt, tsc, tscinvbit, bmi1, bmi2

Memory: 4k page, physical 16700856k(10548328k free), swap 17749432k(10455468k free)

vm_info: Java HotSpot(TM) 64-Bit Server VM (25.101-b13) for windows-amd64 JRE (1.8.0_101-b13), built on Jun 22 2016 01:21:29 by "java_re" with MS VC++ 10.0 (VS2010)

time: Tue Sep 20 11:57:11 2016
elapsed time: 919 seconds (0d 0h 15m 19s)

